<?xml version="1.0" encoding="UTF-8"?>
<coverage generated="1597651467246" clover="3.2.0">
  <project timestamp="1597651467246" name="All files">
    <metrics statements="90" coveredstatements="71" conditionals="36" coveredconditionals="20" methods="37" coveredmethods="22" elements="163" coveredelements="113" complexity="0" loc="90" ncloc="90" packages="1" files="5" classes="5"/>
    <file name="App.jsx" path="/Users/shirleywu/Downloads/hrsf129/5erflies-hotel-photo-carousel-service/photocarousel/App.jsx">
      <metrics statements="26" coveredstatements="14" conditionals="12" coveredconditionals="1" methods="9" coveredmethods="1"/>
      <line num="9" count="1" type="stmt"/>
      <line num="10" count="3" type="stmt"/>
      <line num="11" count="3" type="stmt"/>
      <line num="12" count="3" type="stmt"/>
      <line num="13" count="3" type="stmt"/>
      <line num="14" count="0" type="cond" truecount="0" falsecount="2"/>
      <line num="15" count="0" type="stmt"/>
      <line num="17" count="0" type="stmt"/>
      <line num="19" count="3" type="stmt"/>
      <line num="22" count="3" type="stmt"/>
      <line num="23" count="0" type="stmt"/>
      <line num="25" count="0" type="stmt"/>
      <line num="26" count="0" type="stmt"/>
      <line num="28" count="0" type="stmt"/>
      <line num="31" count="0" type="stmt"/>
      <line num="36" count="3" type="cond" truecount="1" falsecount="1"/>
      <line num="37" count="0" type="stmt"/>
      <line num="59" count="1" type="stmt"/>
      <line num="64" count="1" type="stmt"/>
      <line num="68" count="1" type="stmt"/>
      <line num="71" count="0" type="cond" truecount="0" falsecount="2"/>
      <line num="73" count="0" type="cond" truecount="0" falsecount="2"/>
      <line num="76" count="1" type="stmt"/>
      <line num="88" count="1" type="stmt"/>
      <line num="100" count="1" type="stmt"/>
      <line num="102" count="0" type="cond" truecount="0" falsecount="4"/>
    </file>
    <file name="Button.jsx" path="/Users/shirleywu/Downloads/hrsf129/5erflies-hotel-photo-carousel-service/photocarousel/Button.jsx">
      <metrics statements="3" coveredstatements="3" conditionals="0" coveredconditionals="0" methods="1" coveredmethods="1"/>
      <line num="6" count="3" type="stmt"/>
      <line num="7" count="2" type="stmt"/>
      <line num="12" count="3" type="stmt"/>
    </file>
    <file name="Gallery.jsx" path="/Users/shirleywu/Downloads/hrsf129/5erflies-hotel-photo-carousel-service/photocarousel/Gallery.jsx">
      <metrics statements="12" coveredstatements="10" conditionals="4" coveredconditionals="4" methods="6" coveredmethods="4"/>
      <line num="5" count="2" type="stmt"/>
      <line num="7" count="1" type="stmt"/>
      <line num="9" count="0" type="stmt"/>
      <line num="13" count="4" type="stmt"/>
      <line num="14" count="0" type="stmt"/>
      <line num="27" count="2" type="stmt"/>
      <line num="33" count="2" type="stmt"/>
      <line num="45" count="2" type="stmt"/>
      <line num="52" count="2" type="stmt"/>
      <line num="59" count="2" type="stmt"/>
      <line num="60" count="4" type="cond" truecount="2" falsecount="0"/>
      <line num="62" count="4" type="cond" truecount="2" falsecount="0"/>
    </file>
    <file name="Header.jsx" path="/Users/shirleywu/Downloads/hrsf129/5erflies-hotel-photo-carousel-service/photocarousel/Header.jsx">
      <metrics statements="24" coveredstatements="24" conditionals="12" coveredconditionals="11" methods="11" coveredmethods="11"/>
      <line num="9" count="2" type="stmt"/>
      <line num="10" count="2" type="stmt"/>
      <line num="38" count="2" type="stmt"/>
      <line num="44" count="2" type="stmt"/>
      <line num="49" count="2" type="stmt"/>
      <line num="53" count="1" type="stmt"/>
      <line num="57" count="2" type="stmt"/>
      <line num="63" count="2" type="stmt"/>
      <line num="67" count="2" type="stmt"/>
      <line num="71" count="1" type="stmt"/>
      <line num="75" count="2" type="stmt"/>
      <line num="76" count="1" type="stmt"/>
      <line num="80" count="2" type="stmt"/>
      <line num="81" count="2" type="stmt"/>
      <line num="85" count="2" type="stmt"/>
      <line num="87" count="3" type="cond" truecount="2" falsecount="0"/>
      <line num="91" count="3" type="cond" truecount="2" falsecount="0"/>
      <line num="94" count="2" type="stmt"/>
      <line num="96" count="2" type="stmt"/>
      <line num="98" count="2" type="stmt"/>
      <line num="99" count="4" type="cond" truecount="2" falsecount="0"/>
      <line num="100" count="4" type="cond" truecount="2" falsecount="0"/>
      <line num="102" count="4" type="cond" truecount="2" falsecount="0"/>
      <line num="106" count="2" type="stmt"/>
    </file>
    <file name="Modal.jsx" path="/Users/shirleywu/Downloads/hrsf129/5erflies-hotel-photo-carousel-service/photocarousel/Modal.jsx">
      <metrics statements="25" coveredstatements="20" conditionals="8" coveredconditionals="4" methods="10" coveredmethods="5"/>
      <line num="4" count="2" type="stmt"/>
      <line num="6" count="3" type="stmt"/>
      <line num="8" count="3" type="stmt"/>
      <line num="10" count="3" type="stmt"/>
      <line num="12" count="0" type="stmt"/>
      <line num="14" count="3" type="stmt"/>
      <line num="15" count="0" type="stmt"/>
      <line num="18" count="3" type="stmt"/>
      <line num="19" count="0" type="cond" truecount="0" falsecount="2"/>
      <line num="22" count="3" type="stmt"/>
      <line num="23" count="0" type="cond" truecount="0" falsecount="2"/>
      <line num="26" count="3" type="stmt"/>
      <line num="27" count="1" type="stmt"/>
      <line num="30" count="3" type="stmt"/>
      <line num="31" count="1" type="stmt"/>
      <line num="34" count="3" type="stmt"/>
      <line num="35" count="0" type="stmt"/>
      <line num="38" count="3" type="stmt"/>
      <line num="54" count="2" type="stmt"/>
      <line num="60" count="2" type="stmt"/>
      <line num="81" count="2" type="stmt"/>
      <line num="90" count="2" type="stmt"/>
      <line num="95" count="2" type="stmt"/>
      <line num="102" count="2" type="cond" truecount="2" falsecount="0"/>
      <line num="103" count="2" type="cond" truecount="2" falsecount="0"/>
    </file>
  </project>
</coverage>
