{"/Users/shirleywu/Downloads/hrsf129/5erflies-hotel-photo-carousel-service/photocarousel/App.jsx": {"path":"/Users/shirleywu/Downloads/hrsf129/5erflies-hotel-photo-carousel-service/photocarousel/App.jsx","statementMap":{"0":{"start":{"line":9,"column":12},"end":{"line":57,"column":1}},"1":{"start":{"line":10,"column":32},"end":{"line":10,"column":44}},"2":{"start":{"line":11,"column":45},"end":{"line":11,"column":56}},"3":{"start":{"line":12,"column":36},"end":{"line":12,"column":50}},"4":{"start":{"line":13,"column":20},"end":{"line":18,"column":3}},"5":{"start":{"line":14,"column":4},"end":{"line":16,"column":5}},"6":{"start":{"line":15,"column":6},"end":{"line":15,"column":29}},"7":{"start":{"line":17,"column":4},"end":{"line":17,"column":23}},"8":{"start":{"line":19,"column":21},"end":{"line":19,"column":46}},"9":{"start":{"line":19,"column":27},"end":{"line":19,"column":46}},"10":{"start":{"line":22,"column":2},"end":{"line":33,"column":9}},"11":{"start":{"line":23,"column":20},"end":{"line":23,"column":42}},"12":{"start":{"line":25,"column":16},"end":{"line":25,"column":42}},"13":{"start":{"line":26,"column":4},"end":{"line":32,"column":6}},"14":{"start":{"line":28,"column":6},"end":{"line":28,"column":27}},"15":{"start":{"line":31,"column":6},"end":{"line":31,"column":52}},"16":{"start":{"line":36,"column":2},"end":{"line":36,"column":41}},"17":{"start":{"line":36,"column":28},"end":{"line":36,"column":40}},"18":{"start":{"line":37,"column":2},"end":{"line":56,"column":3}},"19":{"start":{"line":59,"column":14},"end":{"line":62,"column":1}},"20":{"start":{"line":64,"column":19},"end":{"line":66,"column":1}},"21":{"start":{"line":68,"column":20},"end":{"line":74,"column":1}},"22":{"start":{"line":71,"column":25},"end":{"line":71,"column":52}},"23":{"start":{"line":73,"column":22},"end":{"line":73,"column":40}},"24":{"start":{"line":76,"column":16},"end":{"line":86,"column":1}},"25":{"start":{"line":88,"column":18},"end":{"line":98,"column":1}},"26":{"start":{"line":100,"column":15},"end":{"line":112,"column":1}},"27":{"start":{"line":102,"column":24},"end":{"line":102,"column":87}}},"fnMap":{"0":{"name":"(anonymous_0)","decl":{"start":{"line":9,"column":12},"end":{"line":9,"column":13}},"loc":{"start":{"line":9,"column":18},"end":{"line":57,"column":1}},"line":9},"1":{"name":"(anonymous_1)","decl":{"start":{"line":13,"column":20},"end":{"line":13,"column":21}},"loc":{"start":{"line":13,"column":31},"end":{"line":18,"column":3}},"line":13},"2":{"name":"(anonymous_2)","decl":{"start":{"line":19,"column":21},"end":{"line":19,"column":22}},"loc":{"start":{"line":19,"column":27},"end":{"line":19,"column":46}},"line":19},"3":{"name":"(anonymous_3)","decl":{"start":{"line":22,"column":12},"end":{"line":22,"column":13}},"loc":{"start":{"line":22,"column":18},"end":{"line":33,"column":3}},"line":22},"4":{"name":"(anonymous_4)","decl":{"start":{"line":27,"column":10},"end":{"line":27,"column":11}},"loc":{"start":{"line":27,"column":19},"end":{"line":29,"column":5}},"line":27},"5":{"name":"(anonymous_5)","decl":{"start":{"line":30,"column":11},"end":{"line":30,"column":12}},"loc":{"start":{"line":30,"column":20},"end":{"line":32,"column":5}},"line":30},"6":{"name":"(anonymous_6)","decl":{"start":{"line":71,"column":16},"end":{"line":71,"column":17}},"loc":{"start":{"line":71,"column":25},"end":{"line":71,"column":52}},"line":71},"7":{"name":"(anonymous_7)","decl":{"start":{"line":73,"column":13},"end":{"line":73,"column":14}},"loc":{"start":{"line":73,"column":22},"end":{"line":73,"column":40}},"line":73},"8":{"name":"(anonymous_8)","decl":{"start":{"line":102,"column":15},"end":{"line":102,"column":16}},"loc":{"start":{"line":102,"column":24},"end":{"line":102,"column":87}},"line":102}},"branchMap":{"0":{"loc":{"start":{"line":14,"column":4},"end":{"line":16,"column":5}},"type":"if","locations":[{"start":{"line":14,"column":4},"end":{"line":16,"column":5}},{"start":{"line":14,"column":4},"end":{"line":16,"column":5}}],"line":14},"1":{"loc":{"start":{"line":36,"column":2},"end":{"line":36,"column":41}},"type":"if","locations":[{"start":{"line":36,"column":2},"end":{"line":36,"column":41}},{"start":{"line":36,"column":2},"end":{"line":36,"column":41}}],"line":36},"2":{"loc":{"start":{"line":71,"column":25},"end":{"line":71,"column":52}},"type":"cond-expr","locations":[{"start":{"line":71,"column":38},"end":{"line":71,"column":43}},{"start":{"line":71,"column":46},"end":{"line":71,"column":52}}],"line":71},"3":{"loc":{"start":{"line":73,"column":22},"end":{"line":73,"column":40}},"type":"cond-expr","locations":[{"start":{"line":73,"column":35},"end":{"line":73,"column":36}},{"start":{"line":73,"column":39},"end":{"line":73,"column":40}}],"line":73},"4":{"loc":{"start":{"line":102,"column":24},"end":{"line":102,"column":87}},"type":"cond-expr","locations":[{"start":{"line":102,"column":46},"end":{"line":102,"column":52}},{"start":{"line":102,"column":55},"end":{"line":102,"column":87}}],"line":102},"5":{"loc":{"start":{"line":102,"column":55},"end":{"line":102,"column":87}},"type":"cond-expr","locations":[{"start":{"line":102,"column":68},"end":{"line":102,"column":75}},{"start":{"line":102,"column":78},"end":{"line":102,"column":87}}],"line":102}},"s":{"0":1,"1":3,"2":3,"3":3,"4":3,"5":0,"6":0,"7":0,"8":3,"9":0,"10":3,"11":0,"12":0,"13":0,"14":0,"15":0,"16":3,"17":3,"18":0,"19":1,"20":1,"21":1,"22":0,"23":0,"24":1,"25":1,"26":1,"27":0},"f":{"0":3,"1":0,"2":0,"3":0,"4":0,"5":0,"6":0,"7":0,"8":0},"b":{"0":[0,0],"1":[3,0],"2":[0,0],"3":[0,0],"4":[0,0],"5":[0,0]},"_coverageSchema":"1a1c01bbd47fc00a2c39e90264f33305004495a9","hash":"95eb218cc961815957ea956d60fbd4393310ee58"}
,"/Users/shirleywu/Downloads/hrsf129/5erflies-hotel-photo-carousel-service/photocarousel/Button.jsx": {"path":"/Users/shirleywu/Downloads/hrsf129/5erflies-hotel-photo-carousel-service/photocarousel/Button.jsx","statementMap":{"0":{"start":{"line":6,"column":15},"end":{"line":10,"column":1}},"1":{"start":{"line":7,"column":2},"end":{"line":9,"column":3}},"2":{"start":{"line":12,"column":20},"end":{"line":28,"column":1}}},"fnMap":{"0":{"name":"(anonymous_0)","decl":{"start":{"line":6,"column":15},"end":{"line":6,"column":16}},"loc":{"start":{"line":6,"column":44},"end":{"line":10,"column":1}},"line":6}},"branchMap":{},"s":{"0":3,"1":2,"2":3},"f":{"0":2},"b":{},"_coverageSchema":"1a1c01bbd47fc00a2c39e90264f33305004495a9","hash":"3793b5650a62765a425c16ec5cc38e51d4e32ca5"}
,"/Users/shirleywu/Downloads/hrsf129/5erflies-hotel-photo-carousel-service/photocarousel/Gallery.jsx": {"path":"/Users/shirleywu/Downloads/hrsf129/5erflies-hotel-photo-carousel-service/photocarousel/Gallery.jsx","statementMap":{"0":{"start":{"line":5,"column":16},"end":{"line":25,"column":1}},"1":{"start":{"line":7,"column":2},"end":{"line":24,"column":18}},"2":{"start":{"line":9,"column":53},"end":{"line":9,"column":65}},"3":{"start":{"line":13,"column":8},"end":{"line":15,"column":16}},"4":{"start":{"line":14,"column":62},"end":{"line":14,"column":82}},"5":{"start":{"line":27,"column":22},"end":{"line":31,"column":1}},"6":{"start":{"line":33,"column":17},"end":{"line":43,"column":1}},"7":{"start":{"line":45,"column":20},"end":{"line":50,"column":1}},"8":{"start":{"line":52,"column":19},"end":{"line":57,"column":1}},"9":{"start":{"line":59,"column":13},"end":{"line":66,"column":1}},"10":{"start":{"line":60,"column":27},"end":{"line":60,"column":66}},"11":{"start":{"line":62,"column":28},"end":{"line":62,"column":61}}},"fnMap":{"0":{"name":"(anonymous_0)","decl":{"start":{"line":5,"column":16},"end":{"line":5,"column":17}},"loc":{"start":{"line":7,"column":2},"end":{"line":24,"column":18}},"line":7},"1":{"name":"(anonymous_1)","decl":{"start":{"line":9,"column":46},"end":{"line":9,"column":47}},"loc":{"start":{"line":9,"column":53},"end":{"line":9,"column":65}},"line":9},"2":{"name":"(anonymous_2)","decl":{"start":{"line":12,"column":35},"end":{"line":12,"column":36}},"loc":{"start":{"line":12,"column":53},"end":{"line":16,"column":7}},"line":12},"3":{"name":"(anonymous_3)","decl":{"start":{"line":14,"column":55},"end":{"line":14,"column":56}},"loc":{"start":{"line":14,"column":62},"end":{"line":14,"column":82}},"line":14},"4":{"name":"(anonymous_4)","decl":{"start":{"line":60,"column":18},"end":{"line":60,"column":19}},"loc":{"start":{"line":60,"column":27},"end":{"line":60,"column":66}},"line":60},"5":{"name":"(anonymous_5)","decl":{"start":{"line":62,"column":19},"end":{"line":62,"column":20}},"loc":{"start":{"line":62,"column":28},"end":{"line":62,"column":61}},"line":62}},"branchMap":{"0":{"loc":{"start":{"line":60,"column":27},"end":{"line":60,"column":66}},"type":"cond-expr","locations":[{"start":{"line":60,"column":54},"end":{"line":60,"column":60}},{"start":{"line":60,"column":63},"end":{"line":60,"column":66}}],"line":60},"1":{"loc":{"start":{"line":62,"column":28},"end":{"line":62,"column":61}},"type":"cond-expr","locations":[{"start":{"line":62,"column":49},"end":{"line":62,"column":55}},{"start":{"line":62,"column":58},"end":{"line":62,"column":61}}],"line":62}},"s":{"0":2,"1":1,"2":0,"3":4,"4":0,"5":2,"6":2,"7":2,"8":2,"9":2,"10":4,"11":4},"f":{"0":1,"1":0,"2":4,"3":0,"4":4,"5":4},"b":{"0":[2,2],"1":[2,2]},"_coverageSchema":"1a1c01bbd47fc00a2c39e90264f33305004495a9","hash":"44473ac0178e27dd211bc715cad99e5a478f2151"}
,"/Users/shirleywu/Downloads/hrsf129/5erflies-hotel-photo-carousel-service/photocarousel/Header.jsx": {"path":"/Users/shirleywu/Downloads/hrsf129/5erflies-hotel-photo-carousel-service/photocarousel/Header.jsx","statementMap":{"0":{"start":{"line":9,"column":15},"end":{"line":35,"column":1}},"1":{"start":{"line":10,"column":2},"end":{"line":34,"column":12}},"2":{"start":{"line":38,"column":14},"end":{"line":42,"column":1}},"3":{"start":{"line":44,"column":16},"end":{"line":47,"column":1}},"4":{"start":{"line":49,"column":17},"end":{"line":55,"column":1}},"5":{"start":{"line":53,"column":20},"end":{"line":53,"column":37}},"6":{"start":{"line":57,"column":20},"end":{"line":61,"column":1}},"7":{"start":{"line":63,"column":21},"end":{"line":65,"column":1}},"8":{"start":{"line":67,"column":19},"end":{"line":73,"column":1}},"9":{"start":{"line":71,"column":20},"end":{"line":71,"column":42}},"10":{"start":{"line":75,"column":19},"end":{"line":78,"column":1}},"11":{"start":{"line":76,"column":20},"end":{"line":76,"column":42}},"12":{"start":{"line":80,"column":17},"end":{"line":83,"column":1}},"13":{"start":{"line":81,"column":20},"end":{"line":81,"column":40}},"14":{"start":{"line":85,"column":18},"end":{"line":92,"column":1}},"15":{"start":{"line":87,"column":20},"end":{"line":87,"column":63}},"16":{"start":{"line":91,"column":25},"end":{"line":91,"column":56}},"17":{"start":{"line":94,"column":12},"end":{"line":97,"column":1}},"18":{"start":{"line":96,"column":20},"end":{"line":96,"column":40}},"19":{"start":{"line":98,"column":13},"end":{"line":104,"column":1}},"20":{"start":{"line":99,"column":20},"end":{"line":99,"column":48}},"21":{"start":{"line":100,"column":21},"end":{"line":100,"column":49}},"22":{"start":{"line":102,"column":20},"end":{"line":102,"column":50}},"23":{"start":{"line":106,"column":20},"end":{"line":120,"column":1}}},"fnMap":{"0":{"name":"(anonymous_0)","decl":{"start":{"line":9,"column":15},"end":{"line":9,"column":16}},"loc":{"start":{"line":10,"column":2},"end":{"line":34,"column":12}},"line":10},"1":{"name":"(anonymous_1)","decl":{"start":{"line":53,"column":11},"end":{"line":53,"column":12}},"loc":{"start":{"line":53,"column":20},"end":{"line":53,"column":37}},"line":53},"2":{"name":"(anonymous_2)","decl":{"start":{"line":71,"column":11},"end":{"line":71,"column":12}},"loc":{"start":{"line":71,"column":20},"end":{"line":71,"column":42}},"line":71},"3":{"name":"(anonymous_3)","decl":{"start":{"line":76,"column":11},"end":{"line":76,"column":12}},"loc":{"start":{"line":76,"column":20},"end":{"line":76,"column":42}},"line":76},"4":{"name":"(anonymous_4)","decl":{"start":{"line":81,"column":11},"end":{"line":81,"column":12}},"loc":{"start":{"line":81,"column":20},"end":{"line":81,"column":40}},"line":81},"5":{"name":"(anonymous_5)","decl":{"start":{"line":87,"column":11},"end":{"line":87,"column":12}},"loc":{"start":{"line":87,"column":20},"end":{"line":87,"column":63}},"line":87},"6":{"name":"(anonymous_6)","decl":{"start":{"line":91,"column":16},"end":{"line":91,"column":17}},"loc":{"start":{"line":91,"column":25},"end":{"line":91,"column":56}},"line":91},"7":{"name":"(anonymous_7)","decl":{"start":{"line":96,"column":11},"end":{"line":96,"column":12}},"loc":{"start":{"line":96,"column":20},"end":{"line":96,"column":40}},"line":96},"8":{"name":"(anonymous_8)","decl":{"start":{"line":99,"column":11},"end":{"line":99,"column":12}},"loc":{"start":{"line":99,"column":20},"end":{"line":99,"column":48}},"line":99},"9":{"name":"(anonymous_9)","decl":{"start":{"line":100,"column":12},"end":{"line":100,"column":13}},"loc":{"start":{"line":100,"column":21},"end":{"line":100,"column":49}},"line":100},"10":{"name":"(anonymous_10)","decl":{"start":{"line":102,"column":11},"end":{"line":102,"column":12}},"loc":{"start":{"line":102,"column":20},"end":{"line":102,"column":50}},"line":102}},"branchMap":{"0":{"loc":{"start":{"line":19,"column":23},"end":{"line":19,"column":84}},"type":"cond-expr","locations":[{"start":{"line":19,"column":52},"end":{"line":19,"column":74}},{"start":{"line":19,"column":78},"end":{"line":19,"column":84}}],"line":19},"1":{"loc":{"start":{"line":87,"column":20},"end":{"line":87,"column":63}},"type":"cond-expr","locations":[{"start":{"line":87,"column":33},"end":{"line":87,"column":40}},{"start":{"line":87,"column":43},"end":{"line":87,"column":63}}],"line":87},"2":{"loc":{"start":{"line":91,"column":25},"end":{"line":91,"column":56}},"type":"cond-expr","locations":[{"start":{"line":91,"column":42},"end":{"line":91,"column":47}},{"start":{"line":91,"column":50},"end":{"line":91,"column":56}}],"line":91},"3":{"loc":{"start":{"line":99,"column":20},"end":{"line":99,"column":48}},"type":"cond-expr","locations":[{"start":{"line":99,"column":33},"end":{"line":99,"column":39}},{"start":{"line":99,"column":42},"end":{"line":99,"column":48}}],"line":99},"4":{"loc":{"start":{"line":100,"column":21},"end":{"line":100,"column":49}},"type":"cond-expr","locations":[{"start":{"line":100,"column":34},"end":{"line":100,"column":40}},{"start":{"line":100,"column":43},"end":{"line":100,"column":49}}],"line":100},"5":{"loc":{"start":{"line":102,"column":20},"end":{"line":102,"column":50}},"type":"cond-expr","locations":[{"start":{"line":102,"column":34},"end":{"line":102,"column":41}},{"start":{"line":102,"column":44},"end":{"line":102,"column":50}}],"line":102}},"s":{"0":2,"1":2,"2":2,"3":2,"4":2,"5":1,"6":2,"7":2,"8":2,"9":1,"10":2,"11":1,"12":2,"13":2,"14":2,"15":3,"16":3,"17":2,"18":2,"19":2,"20":4,"21":4,"22":4,"23":2},"f":{"0":2,"1":1,"2":1,"3":1,"4":2,"5":3,"6":3,"7":2,"8":4,"9":4,"10":4},"b":{"0":[2,0],"1":[2,1],"2":[1,2],"3":[1,3],"4":[1,3],"5":[2,2]},"_coverageSchema":"1a1c01bbd47fc00a2c39e90264f33305004495a9","hash":"af3b00a2a58f357354c15a209bedc8a9a0db0241"}
,"/Users/shirleywu/Downloads/hrsf129/5erflies-hotel-photo-carousel-service/photocarousel/Modal.jsx": {"path":"/Users/shirleywu/Downloads/hrsf129/5erflies-hotel-photo-carousel-service/photocarousel/Modal.jsx","statementMap":{"0":{"start":{"line":4,"column":14},"end":{"line":52,"column":1}},"1":{"start":{"line":6,"column":38},"end":{"line":6,"column":67}},"2":{"start":{"line":8,"column":48},"end":{"line":8,"column":59}},"3":{"start":{"line":10,"column":24},"end":{"line":13,"column":3}},"4":{"start":{"line":12,"column":4},"end":{"line":12,"column":35}},"5":{"start":{"line":14,"column":2},"end":{"line":16,"column":24}},"6":{"start":{"line":15,"column":4},"end":{"line":15,"column":39}},"7":{"start":{"line":18,"column":19},"end":{"line":20,"column":3}},"8":{"start":{"line":19,"column":4},"end":{"line":19,"column":69}},"9":{"start":{"line":22,"column":21},"end":{"line":24,"column":3}},"10":{"start":{"line":23,"column":4},"end":{"line":23,"column":52}},"11":{"start":{"line":26,"column":21},"end":{"line":28,"column":3}},"12":{"start":{"line":27,"column":4},"end":{"line":27,"column":60}},"13":{"start":{"line":30,"column":20},"end":{"line":32,"column":3}},"14":{"start":{"line":31,"column":4},"end":{"line":31,"column":61}},"15":{"start":{"line":34,"column":2},"end":{"line":36,"column":9}},"16":{"start":{"line":35,"column":4},"end":{"line":35,"column":37}},"17":{"start":{"line":38,"column":2},"end":{"line":50,"column":3}},"18":{"start":{"line":54,"column":20},"end":{"line":58,"column":1}},"19":{"start":{"line":60,"column":20},"end":{"line":79,"column":1}},"20":{"start":{"line":81,"column":20},"end":{"line":88,"column":1}},"21":{"start":{"line":90,"column":19},"end":{"line":93,"column":1}},"22":{"start":{"line":95,"column":20},"end":{"line":106,"column":1}},"23":{"start":{"line":102,"column":19},"end":{"line":102,"column":48}},"24":{"start":{"line":103,"column":20},"end":{"line":103,"column":48}}},"fnMap":{"0":{"name":"(anonymous_0)","decl":{"start":{"line":4,"column":14},"end":{"line":4,"column":15}},"loc":{"start":{"line":4,"column":57},"end":{"line":52,"column":1}},"line":4},"1":{"name":"(anonymous_1)","decl":{"start":{"line":10,"column":24},"end":{"line":10,"column":25}},"loc":{"start":{"line":10,"column":30},"end":{"line":13,"column":3}},"line":10},"2":{"name":"(anonymous_2)","decl":{"start":{"line":14,"column":12},"end":{"line":14,"column":13}},"loc":{"start":{"line":14,"column":18},"end":{"line":16,"column":3}},"line":14},"3":{"name":"(anonymous_3)","decl":{"start":{"line":18,"column":19},"end":{"line":18,"column":20}},"loc":{"start":{"line":18,"column":25},"end":{"line":20,"column":3}},"line":18},"4":{"name":"(anonymous_4)","decl":{"start":{"line":22,"column":21},"end":{"line":22,"column":22}},"loc":{"start":{"line":22,"column":27},"end":{"line":24,"column":3}},"line":22},"5":{"name":"(anonymous_5)","decl":{"start":{"line":26,"column":21},"end":{"line":26,"column":22}},"loc":{"start":{"line":27,"column":4},"end":{"line":27,"column":60}},"line":27},"6":{"name":"(anonymous_6)","decl":{"start":{"line":30,"column":20},"end":{"line":30,"column":21}},"loc":{"start":{"line":31,"column":4},"end":{"line":31,"column":61}},"line":31},"7":{"name":"(anonymous_7)","decl":{"start":{"line":34,"column":12},"end":{"line":34,"column":13}},"loc":{"start":{"line":34,"column":18},"end":{"line":36,"column":3}},"line":34},"8":{"name":"(anonymous_8)","decl":{"start":{"line":102,"column":10},"end":{"line":102,"column":11}},"loc":{"start":{"line":102,"column":19},"end":{"line":102,"column":48}},"line":102},"9":{"name":"(anonymous_9)","decl":{"start":{"line":103,"column":11},"end":{"line":103,"column":12}},"loc":{"start":{"line":103,"column":20},"end":{"line":103,"column":48}},"line":103}},"branchMap":{"0":{"loc":{"start":{"line":19,"column":4},"end":{"line":19,"column":68}},"type":"binary-expr","locations":[{"start":{"line":19,"column":4},"end":{"line":19,"column":35}},{"start":{"line":19,"column":39},"end":{"line":19,"column":68}}],"line":19},"1":{"loc":{"start":{"line":23,"column":4},"end":{"line":23,"column":51}},"type":"binary-expr","locations":[{"start":{"line":23,"column":4},"end":{"line":23,"column":18}},{"start":{"line":23,"column":22},"end":{"line":23,"column":51}}],"line":23},"2":{"loc":{"start":{"line":102,"column":19},"end":{"line":102,"column":48}},"type":"cond-expr","locations":[{"start":{"line":102,"column":33},"end":{"line":102,"column":39}},{"start":{"line":102,"column":42},"end":{"line":102,"column":48}}],"line":102},"3":{"loc":{"start":{"line":103,"column":20},"end":{"line":103,"column":48}},"type":"cond-expr","locations":[{"start":{"line":103,"column":33},"end":{"line":103,"column":39}},{"start":{"line":103,"column":42},"end":{"line":103,"column":48}}],"line":103}},"s":{"0":2,"1":3,"2":3,"3":3,"4":0,"5":3,"6":0,"7":3,"8":0,"9":3,"10":0,"11":3,"12":1,"13":3,"14":1,"15":3,"16":0,"17":3,"18":2,"19":2,"20":2,"21":2,"22":2,"23":2,"24":2},"f":{"0":3,"1":0,"2":0,"3":0,"4":0,"5":1,"6":1,"7":0,"8":2,"9":2},"b":{"0":[0,0],"1":[0,0],"2":[1,1],"3":[1,1]},"_coverageSchema":"1a1c01bbd47fc00a2c39e90264f33305004495a9","hash":"eeb6da6b51f48e01375b51e1a8c2b587a9d468b3"}
}
