TN:
SF:photocarousel/App.jsx
FN:9,(anonymous_0)
FN:13,(anonymous_1)
FN:19,(anonymous_2)
FN:22,(anonymous_3)
FN:27,(anonymous_4)
FN:30,(anonymous_5)
FN:71,(anonymous_6)
FN:73,(anonymous_7)
FN:102,(anonymous_8)
FNF:9
FNH:1
FNDA:3,(anonymous_0)
FNDA:0,(anonymous_1)
FNDA:0,(anonymous_2)
FNDA:0,(anonymous_3)
FNDA:0,(anonymous_4)
FNDA:0,(anonymous_5)
FNDA:0,(anonymous_6)
FNDA:0,(anonymous_7)
FNDA:0,(anonymous_8)
DA:9,1
DA:10,3
DA:11,3
DA:12,3
DA:13,3
DA:14,0
DA:15,0
DA:17,0
DA:19,3
DA:22,3
DA:23,0
DA:25,0
DA:26,0
DA:28,0
DA:31,0
DA:36,3
DA:37,0
DA:59,1
DA:64,1
DA:68,1
DA:71,0
DA:73,0
DA:76,1
DA:88,1
DA:100,1
DA:102,0
LF:26
LH:14
BRDA:14,0,0,0
BRDA:14,0,1,0
BRDA:36,1,0,3
BRDA:36,1,1,0
BRDA:71,2,0,0
BRDA:71,2,1,0
BRDA:73,3,0,0
BRDA:73,3,1,0
BRDA:102,4,0,0
BRDA:102,4,1,0
BRDA:102,5,0,0
BRDA:102,5,1,0
BRF:12
BRH:1
end_of_record
TN:
SF:photocarousel/Button.jsx
FN:6,(anonymous_0)
FNF:1
FNH:1
FNDA:2,(anonymous_0)
DA:6,3
DA:7,2
DA:12,3
LF:3
LH:3
BRF:0
BRH:0
end_of_record
TN:
SF:photocarousel/Gallery.jsx
FN:5,(anonymous_0)
FN:9,(anonymous_1)
FN:12,(anonymous_2)
FN:14,(anonymous_3)
FN:60,(anonymous_4)
FN:62,(anonymous_5)
FNF:6
FNH:4
FNDA:1,(anonymous_0)
FNDA:0,(anonymous_1)
FNDA:4,(anonymous_2)
FNDA:0,(anonymous_3)
FNDA:4,(anonymous_4)
FNDA:4,(anonymous_5)
DA:5,2
DA:7,1
DA:9,0
DA:13,4
DA:14,0
DA:27,2
DA:33,2
DA:45,2
DA:52,2
DA:59,2
DA:60,4
DA:62,4
LF:12
LH:10
BRDA:60,0,0,2
BRDA:60,0,1,2
BRDA:62,1,0,2
BRDA:62,1,1,2
BRF:4
BRH:4
end_of_record
TN:
SF:photocarousel/Header.jsx
FN:9,(anonymous_0)
FN:53,(anonymous_1)
FN:71,(anonymous_2)
FN:76,(anonymous_3)
FN:81,(anonymous_4)
FN:87,(anonymous_5)
FN:91,(anonymous_6)
FN:96,(anonymous_7)
FN:99,(anonymous_8)
FN:100,(anonymous_9)
FN:102,(anonymous_10)
FNF:11
FNH:11
FNDA:2,(anonymous_0)
FNDA:1,(anonymous_1)
FNDA:1,(anonymous_2)
FNDA:1,(anonymous_3)
FNDA:2,(anonymous_4)
FNDA:3,(anonymous_5)
FNDA:3,(anonymous_6)
FNDA:2,(anonymous_7)
FNDA:4,(anonymous_8)
FNDA:4,(anonymous_9)
FNDA:4,(anonymous_10)
DA:9,2
DA:10,2
DA:38,2
DA:44,2
DA:49,2
DA:53,1
DA:57,2
DA:63,2
DA:67,2
DA:71,1
DA:75,2
DA:76,1
DA:80,2
DA:81,2
DA:85,2
DA:87,3
DA:91,3
DA:94,2
DA:96,2
DA:98,2
DA:99,4
DA:100,4
DA:102,4
DA:106,2
LF:24
LH:24
BRDA:19,0,0,2
BRDA:19,0,1,0
BRDA:87,1,0,2
BRDA:87,1,1,1
BRDA:91,2,0,1
BRDA:91,2,1,2
BRDA:99,3,0,1
BRDA:99,3,1,3
BRDA:100,4,0,1
BRDA:100,4,1,3
BRDA:102,5,0,2
BRDA:102,5,1,2
BRF:12
BRH:11
end_of_record
TN:
SF:photocarousel/Modal.jsx
FN:4,(anonymous_0)
FN:10,(anonymous_1)
FN:14,(anonymous_2)
FN:18,(anonymous_3)
FN:22,(anonymous_4)
FN:26,(anonymous_5)
FN:30,(anonymous_6)
FN:34,(anonymous_7)
FN:102,(anonymous_8)
FN:103,(anonymous_9)
FNF:10
FNH:5
FNDA:3,(anonymous_0)
FNDA:0,(anonymous_1)
FNDA:0,(anonymous_2)
FNDA:0,(anonymous_3)
FNDA:0,(anonymous_4)
FNDA:1,(anonymous_5)
FNDA:1,(anonymous_6)
FNDA:0,(anonymous_7)
FNDA:2,(anonymous_8)
FNDA:2,(anonymous_9)
DA:4,2
DA:6,3
DA:8,3
DA:10,3
DA:12,0
DA:14,3
DA:15,0
DA:18,3
DA:19,0
DA:22,3
DA:23,0
DA:26,3
DA:27,1
DA:30,3
DA:31,1
DA:34,3
DA:35,0
DA:38,3
DA:54,2
DA:60,2
DA:81,2
DA:90,2
DA:95,2
DA:102,2
DA:103,2
LF:25
LH:20
BRDA:19,0,0,0
BRDA:19,0,1,0
BRDA:23,1,0,0
BRDA:23,1,1,0
BRDA:102,2,0,1
BRDA:102,2,1,1
BRDA:103,3,0,1
BRDA:103,3,1,1
BRF:8
BRH:4
end_of_record
